2021-08-26 06:40:56,166 - logger name:hyper_select_GCN_3_UDAGCN_macro_1_1__1.log
2021-08-26 06:40:56,166 - is_reading_conf:0
2021-08-26 06:40:56,166 - conf_name:test
2021-08-26 06:40:56,166 - source_dataset:DBLP
2021-08-26 06:40:56,166 - target_dataset:ACM
2021-08-26 06:40:56,166 - val_ratio:0.2
2021-08-26 06:40:56,166 - num_layers:3
2021-08-26 06:40:56,166 - source_lr:0.01
2021-08-26 06:40:56,166 - target_lr:0.01
2021-08-26 06:40:56,166 - source_epochs:101
2021-08-26 06:40:56,167 - target_epochs:101
2021-08-26 06:40:56,167 - batch_size:100
2021-08-26 06:40:56,167 - random_seed:1
2021-08-26 06:40:56,167 - logname:info
2021-08-26 06:40:56,167 - is_baseline:False
2021-08-26 06:40:56,167 - is_source_train:1
2021-08-26 06:40:56,167 - source_model_path: 
2021-08-26 06:40:56,167 - model_name:hyper_select_GCN_3_UDAGCN_macro_1_1__1
2021-08-26 06:40:56,167 - struct_lambda:1
2021-08-26 06:40:56,167 - neigh_lambda:1
2021-08-26 06:40:56,167 - gnn_model:GCN
2021-08-26 06:40:56,167 - head:1
2021-08-26 06:40:56,167 - data_series:UDAGCN
2021-08-26 06:40:56,167 - metric:macro
2021-08-26 06:40:56,167 - dataset_list:['DBLP', 'ACM']
2021-08-26 06:40:56,167 - single:True
2021-08-26 06:40:56,168 - num_label:6
2021-08-26 06:40:56,168 - num_features:7537
2021-08-26 06:40:56,168 - device:cuda
2021-08-26 06:40:56,168 - time:2021-08-26-06:40:52.786859
2021-08-26 06:40:56,168 - layer_unit_count_list:[7537, 256, 128, 6]
2021-08-26 06:40:56,168 - domain_name:DBLP_ACM
2021-08-26 06:40:56,168 - num_source_nodes:5578
2021-08-26 06:40:56,168 - num_target_nodes:7410
2021-08-26 06:40:56,168 - logger:<Logger model.model_utilies (INFO)>
2021-08-26 06:40:56,187 - source period
2021-08-26 06:40:56,343 - Epoch	000	train:acc	0.066763	cross_entropy	1.790853	valid:acc	0.299272	cross_entropy	1.739198
2021-08-26 06:40:56,445 - Epoch	001	train:acc	0.310115	cross_entropy	1.740709	valid:acc	0.397539	cross_entropy	1.583300
2021-08-26 06:40:56,551 - Epoch	002	train:acc	0.405059	cross_entropy	1.595578	valid:acc	0.636164	cross_entropy	1.307791
2021-08-26 06:40:56,639 - Epoch	003	train:acc	0.662259	cross_entropy	1.348531	valid:acc	0.946271	cross_entropy	0.940468
2021-08-26 06:40:56,725 - Epoch	004	train:acc	0.960336	cross_entropy	1.035457	valid:acc	0.980976	cross_entropy	0.579059
2021-08-26 06:40:56,806 - Epoch	005	train:acc	0.985536	cross_entropy	0.753686	valid:acc	0.983477	cross_entropy	0.302154
2021-08-26 06:40:56,887 - Epoch	006	train:acc	0.988719	cross_entropy	0.578138	valid:acc	0.987779	cross_entropy	0.158760
2021-08-26 06:40:56,961 - Epoch	007	train:acc	0.988734	cross_entropy	0.526598	valid:acc	0.984968	cross_entropy	0.128491
2021-08-26 06:40:57,018 - Epoch	008	train:acc	0.989480	cross_entropy	0.546888	valid:acc	0.987594	cross_entropy	0.105844
2021-08-26 06:40:57,075 - Epoch	009	train:acc	0.991586	cross_entropy	0.565557	valid:acc	0.989572	cross_entropy	0.080566
2021-08-26 06:40:57,146 - Epoch	010	train:acc	0.993576	cross_entropy	0.557793	valid:acc	0.988378	cross_entropy	0.097646
2021-08-26 06:40:57,200 - Epoch	011	train:acc	0.994981	cross_entropy	0.530971	valid:acc	0.988442	cross_entropy	0.135518
2021-08-26 06:40:57,254 - Epoch	012	train:acc	0.995575	cross_entropy	0.503104	valid:acc	0.987663	cross_entropy	0.181369
2021-08-26 06:40:57,309 - Epoch	013	train:acc	0.996660	cross_entropy	0.503110	valid:acc	0.986100	cross_entropy	0.251262
2021-08-26 06:40:57,363 - Epoch	014	train:acc	0.995137	cross_entropy	0.526693	valid:acc	0.981699	cross_entropy	0.284591
2021-08-26 06:40:57,421 - Epoch	015	train:acc	0.995846	cross_entropy	0.543491	valid:acc	0.984341	cross_entropy	0.241555
2021-08-26 06:40:57,477 - Epoch	016	train:acc	0.989613	cross_entropy	0.520276	valid:acc	0.987784	cross_entropy	0.181791
2021-08-26 06:40:57,533 - Epoch	017	train:acc	0.996663	cross_entropy	0.494262	valid:acc	0.988697	cross_entropy	0.151490
2021-08-26 06:40:57,587 - Epoch	018	train:acc	0.994995	cross_entropy	0.482123	valid:acc	0.987018	cross_entropy	0.150995
2021-08-26 06:40:57,650 - Epoch	019	train:acc	0.994135	cross_entropy	0.486842	valid:acc	0.985271	cross_entropy	0.142646
2021-08-26 06:40:57,705 - Epoch	020	train:acc	0.993534	cross_entropy	0.487252	valid:acc	0.989588	cross_entropy	0.129069
2021-08-26 06:40:57,774 - Epoch	021	train:acc	0.995629	cross_entropy	0.478370	valid:acc	0.988618	cross_entropy	0.140001
2021-08-26 06:40:57,828 - Epoch	022	train:acc	0.994811	cross_entropy	0.479492	valid:acc	0.990370	cross_entropy	0.157837
2021-08-26 06:40:57,897 - Epoch	023	train:acc	0.997276	cross_entropy	0.476614	valid:acc	0.991169	cross_entropy	0.175189
2021-08-26 06:40:57,965 - Epoch	024	train:acc	0.996033	cross_entropy	0.474135	valid:acc	0.988417	cross_entropy	0.199277
2021-08-26 06:40:58,018 - Epoch	025	train:acc	0.998102	cross_entropy	0.482472	valid:acc	0.989184	cross_entropy	0.202340
2021-08-26 06:40:58,071 - Epoch	026	train:acc	0.998537	cross_entropy	0.477982	valid:acc	0.988641	cross_entropy	0.205187
2021-08-26 06:40:58,125 - Epoch	027	train:acc	0.997296	cross_entropy	0.479290	valid:acc	0.987788	cross_entropy	0.186638
2021-08-26 06:40:58,176 - Epoch	028	train:acc	0.997710	cross_entropy	0.473654	valid:acc	0.987865	cross_entropy	0.171358
2021-08-26 06:40:58,230 - Epoch	029	train:acc	0.997254	cross_entropy	0.470293	valid:acc	0.992202	cross_entropy	0.164440
2021-08-26 06:40:58,300 - Epoch	030	train:acc	0.996427	cross_entropy	0.467897	valid:acc	0.992202	cross_entropy	0.158589
2021-08-26 06:40:58,353 - Epoch	031	train:acc	0.996448	cross_entropy	0.467216	valid:acc	0.991276	cross_entropy	0.147557
2021-08-26 06:40:58,407 - Epoch	032	train:acc	0.997298	cross_entropy	0.464224	valid:acc	0.990340	cross_entropy	0.147931
2021-08-26 06:40:58,461 - Epoch	033	train:acc	0.997506	cross_entropy	0.464512	valid:acc	0.990337	cross_entropy	0.159165
2021-08-26 06:40:58,515 - Epoch	034	train:acc	0.998100	cross_entropy	0.464941	valid:acc	0.990059	cross_entropy	0.171272
2021-08-26 06:40:58,567 - Epoch	035	train:acc	0.998101	cross_entropy	0.464542	valid:acc	0.988337	cross_entropy	0.180323
2021-08-26 06:40:58,622 - Epoch	036	train:acc	0.998538	cross_entropy	0.467038	valid:acc	0.991060	cross_entropy	0.177526
2021-08-26 06:40:58,676 - Epoch	037	train:acc	0.997917	cross_entropy	0.465759	valid:acc	0.990432	cross_entropy	0.173070
2021-08-26 06:40:58,729 - Epoch	038	train:acc	0.997915	cross_entropy	0.465102	valid:acc	0.990414	cross_entropy	0.169546
2021-08-26 06:40:58,782 - Epoch	039	train:acc	0.998328	cross_entropy	0.464341	valid:acc	0.991275	cross_entropy	0.163164
2021-08-26 06:40:58,835 - Epoch	040	train:acc	0.997894	cross_entropy	0.462082	valid:acc	0.991275	cross_entropy	0.156128
2021-08-26 06:40:58,890 - Epoch	041	train:acc	0.997275	cross_entropy	0.461297	valid:acc	0.990414	cross_entropy	0.151610
2021-08-26 06:40:58,943 - Epoch	042	train:acc	0.998329	cross_entropy	0.460253	valid:acc	0.990340	cross_entropy	0.153900
2021-08-26 06:40:58,996 - Epoch	043	train:acc	0.998742	cross_entropy	0.459502	valid:acc	0.990337	cross_entropy	0.160093
2021-08-26 06:40:59,050 - Epoch	044	train:acc	0.998513	cross_entropy	0.460003	valid:acc	0.991276	cross_entropy	0.163372
2021-08-26 06:40:59,103 - Epoch	045	train:acc	0.999153	cross_entropy	0.459807	valid:acc	0.992137	cross_entropy	0.167400
2021-08-26 06:40:59,154 - Epoch	046	train:acc	0.999359	cross_entropy	0.459765	valid:acc	0.991275	cross_entropy	0.169658
2021-08-26 06:40:59,208 - Epoch	047	train:acc	0.998122	cross_entropy	0.459984	valid:acc	0.991276	cross_entropy	0.164299
2021-08-26 06:40:59,262 - Epoch	048	train:acc	0.998534	cross_entropy	0.458959	valid:acc	0.990414	cross_entropy	0.160454
2021-08-26 06:40:59,312 - Epoch	049	train:acc	0.998534	cross_entropy	0.458434	valid:acc	0.991275	cross_entropy	0.159749
2021-08-26 06:40:59,366 - Epoch	050	train:acc	0.998741	cross_entropy	0.457472	valid:acc	0.990414	cross_entropy	0.158646
2021-08-26 06:40:59,421 - Epoch	051	train:acc	0.998948	cross_entropy	0.457072	valid:acc	0.991275	cross_entropy	0.156301
2021-08-26 06:40:59,475 - Epoch	052	train:acc	0.998741	cross_entropy	0.456503	valid:acc	0.991275	cross_entropy	0.157495
2021-08-26 06:40:59,530 - Epoch	053	train:acc	0.999154	cross_entropy	0.456189	valid:acc	0.990414	cross_entropy	0.161068
2021-08-26 06:40:59,584 - Epoch	054	train:acc	0.999566	cross_entropy	0.456285	valid:acc	0.991275	cross_entropy	0.162036
2021-08-26 06:40:59,638 - Epoch	055	train:acc	0.998741	cross_entropy	0.456049	valid:acc	0.991276	cross_entropy	0.161926
2021-08-26 06:40:59,692 - Epoch	056	train:acc	0.999154	cross_entropy	0.455960	valid:acc	0.991275	cross_entropy	0.161212
2021-08-26 06:40:59,745 - Epoch	057	train:acc	0.998741	cross_entropy	0.455427	valid:acc	0.992137	cross_entropy	0.158584
2021-08-26 06:40:59,799 - Epoch	058	train:acc	0.998948	cross_entropy	0.454826	valid:acc	0.991275	cross_entropy	0.157665
2021-08-26 06:40:59,853 - Epoch	059	train:acc	0.999360	cross_entropy	0.454398	valid:acc	0.991275	cross_entropy	0.158678
2021-08-26 06:40:59,907 - Epoch	060	train:acc	0.999154	cross_entropy	0.454057	valid:acc	0.991276	cross_entropy	0.157616
2021-08-26 06:40:59,959 - Epoch	061	train:acc	0.999566	cross_entropy	0.453806	valid:acc	0.991275	cross_entropy	0.156564
2021-08-26 06:41:00,013 - Epoch	062	train:acc	0.998741	cross_entropy	0.453732	valid:acc	0.991276	cross_entropy	0.160058
2021-08-26 06:41:00,067 - Epoch	063	train:acc	0.998947	cross_entropy	0.454306	valid:acc	0.990413	cross_entropy	0.161384
2021-08-26 06:41:00,121 - Epoch	064	train:acc	0.997090	cross_entropy	0.455509	valid:acc	0.990415	cross_entropy	0.163328
2021-08-26 06:41:00,174 - Epoch	065	train:acc	0.997510	cross_entropy	0.457344	valid:acc	0.987825	cross_entropy	0.163188
2021-08-26 06:41:00,227 - Epoch	066	train:acc	0.995456	cross_entropy	0.459564	valid:acc	0.990415	cross_entropy	0.159706
2021-08-26 06:41:00,281 - Epoch	067	train:acc	0.997921	cross_entropy	0.455532	valid:acc	0.990414	cross_entropy	0.150700
2021-08-26 06:41:00,336 - Epoch	068	train:acc	0.998741	cross_entropy	0.450920	valid:acc	0.990413	cross_entropy	0.155247
2021-08-26 06:41:00,389 - Epoch	069	train:acc	0.997297	cross_entropy	0.452077	valid:acc	0.990415	cross_entropy	0.162061
2021-08-26 06:41:00,442 - Epoch	070	train:acc	0.998949	cross_entropy	0.453768	valid:acc	0.990413	cross_entropy	0.156352
